[debug] [2021-02-11T14:02:21.946Z] ----------------------------------------------------------------------
[debug] [2021-02-11T14:02:21.948Z] Command:       C:\Program Files\nodejs\node.exe C:\Users\GON\AppData\Roaming\npm\node_modules\firebase-tools\lib\bin\firebase.js deploy --only functions
[debug] [2021-02-11T14:02:21.948Z] CLI Version:   9.3.0
[debug] [2021-02-11T14:02:21.948Z] Platform:      win32
[debug] [2021-02-11T14:02:21.948Z] Node Version:  v12.2.0
[debug] [2021-02-11T14:02:21.949Z] Time:          Thu Feb 11 2021 23:02:21 GMT+0900 (GMT+09:00)
[debug] [2021-02-11T14:02:21.949Z] ----------------------------------------------------------------------
[debug] [2021-02-11T14:02:21.950Z] 
[debug] [2021-02-11T14:02:21.957Z] > command requires scopes: ["email","openid","https://www.googleapis.com/auth/cloudplatformprojects.readonly","https://www.googleapis.com/auth/firebase","https://www.googleapis.com/auth/cloud-platform"]
[debug] [2021-02-11T14:02:21.957Z] > authorizing via signed-in user
[debug] [2021-02-11T14:02:21.957Z] [iam] checking project geckos-team-04 for permissions ["cloudfunctions.functions.create","cloudfunctions.functions.delete","cloudfunctions.functions.get","cloudfunctions.functions.list","cloudfunctions.functions.update","cloudfunctions.operations.get","firebase.projects.get"]
[debug] [2021-02-11T14:02:21.960Z] >>> HTTP REQUEST POST https://cloudresourcemanager.googleapis.com/v1/projects/geckos-team-04:testIamPermissions  
 {"permissions":["cloudfunctions.functions.create","cloudfunctions.functions.delete","cloudfunctions.functions.get","cloudfunctions.functions.list","cloudfunctions.functions.update","cloudfunctions.operations.get","firebase.projects.get"]}
[debug] [2021-02-11T14:02:22.681Z] <<< HTTP RESPONSE 200 {"content-type":"application/json; charset=UTF-8","vary":"X-Origin, Referer, Origin,Accept-Encoding","date":"Thu, 11 Feb 2021 14:02:23 GMT","server":"ESF","cache-control":"private","x-xss-protection":"0","x-frame-options":"SAMEORIGIN","x-content-type-options":"nosniff","server-timing":"gfet4t7; dur=652","alt-svc":"h3-29=\":443\"; ma=2592000,h3-T051=\":443\"; ma=2592000,h3-Q050=\":443\"; ma=2592000,h3-Q046=\":443\"; ma=2592000,h3-Q043=\":443\"; ma=2592000,quic=\":443\"; ma=2592000; v=\"46,43\"","accept-ranges":"none","transfer-encoding":"chunked"}
[debug] [2021-02-11T14:02:22.683Z] >>> HTTP REQUEST POST https://iam.googleapis.com/v1/projects/geckos-team-04/serviceAccounts/geckos-team-04@appspot.gserviceaccount.com:testIamPermissions  
 {"permissions":["iam.serviceAccounts.actAs"]}
[debug] [2021-02-11T14:02:23.475Z] <<< HTTP RESPONSE 200 {"content-type":"application/json; charset=UTF-8","vary":"X-Origin, Referer, Origin,Accept-Encoding","date":"Thu, 11 Feb 2021 14:02:24 GMT","server":"ESF","cache-control":"private","x-xss-protection":"0","x-frame-options":"SAMEORIGIN","x-content-type-options":"nosniff","alt-svc":"h3-29=\":443\"; ma=2592000,h3-T051=\":443\"; ma=2592000,h3-Q050=\":443\"; ma=2592000,h3-Q046=\":443\"; ma=2592000,h3-Q043=\":443\"; ma=2592000,quic=\":443\"; ma=2592000; v=\"46,43\"","accept-ranges":"none","transfer-encoding":"chunked"}
[info] 
[info] === Deploying to 'geckos-team-04'...
[info] 
[info] i  deploying functions 
[info] Running command: npm --prefix $Env:RESOURCE_DIR run lint
